SF:lib\presentation\auth\pages\signin.dart
DA:15,1
DA:20,1
DA:28,1
DA:29,2
DA:32,1
DA:33,2
DA:36,1
DA:37,1
DA:39,1
DA:41,1
DA:46,1
DA:47,0
DA:48,0
DA:60,1
DA:62,1
DA:63,1
DA:64,1
DA:65,1
DA:67,1
DA:69,1
DA:71,1
DA:72,1
DA:74,1
DA:76,1
DA:78,1
DA:79,0
DA:80,0
DA:81,0
DA:82,0
DA:83,0
DA:86,0
DA:88,0
DA:91,0
DA:92,0
DA:95,0
LF:35
LH:23
end_of_record
SF:lib\common\widgets\app_bar.dart
DA:9,1
DA:17,1
DA:19,1
DA:20,1
DA:23,1
DA:24,3
DA:26,1
DA:28,1
DA:29,0
DA:30,0
DA:32,1
DA:35,1
DA:37,1
DA:38,0
DA:39,1
DA:42,1
DA:45,1
DA:52,1
LF:18
LH:15
end_of_record
SF:lib\common\widgets\helpers\is_dark_mode.dart
DA:4,1
DA:5,3
LF:2
LH:2
end_of_record
SF:lib\common\widgets\basic_app_button.dart
DA:10,1
DA:19,1
DA:21,1
DA:22,1
DA:23,1
DA:24,1
DA:25,2
DA:26,2
DA:29,1
DA:30,1
DA:32,1
LF:11
LH:11
end_of_record
SF:lib\core\configs\theme\custom_text_field.dart
DA:7,1
DA:11,1
DA:13,1
DA:15,1
DA:18,1
DA:19,1
DA:20,2
DA:22,1
DA:24,1
DA:25,1
DA:26,1
DA:27,1
DA:37,3
LF:13
LH:13
end_of_record
SF:lib\core\utils\result.dart
DA:10,0
DA:13,0
DA:16,0
DA:19,0
DA:22,0
DA:25,0
LF:6
LH:0
end_of_record
SF:lib\data\models\auth\create_user_req.dart
DA:6,0
LF:1
LH:0
end_of_record
SF:lib\data\repositories\auth_repository_impl.dart
DA:7,0
DA:12,0
DA:15,0
DA:19,0
DA:23,0
DA:26,0
LF:6
LH:0
end_of_record
SF:lib\domain\usecases\signin_usecase.dart
DA:8,0
DA:10,0
DA:11,0
LF:3
LH:0
end_of_record
SF:lib\domain\usecases\signup_usecase.dart
DA:8,0
DA:10,0
DA:11,0
LF:3
LH:0
end_of_record
SF:lib\presentation\auth\pages\signup.dart
DA:13,0
DA:19,0
DA:27,0
DA:28,0
DA:31,0
DA:32,0
DA:35,0
DA:36,0
DA:39,0
DA:40,0
DA:42,0
DA:44,0
DA:49,0
DA:50,0
DA:51,0
DA:63,0
DA:65,0
DA:66,0
DA:67,0
DA:68,0
DA:70,0
DA:72,0
DA:74,0
DA:75,0
DA:77,0
DA:79,0
DA:81,0
DA:83,0
DA:84,0
DA:85,0
DA:86,0
DA:87,0
DA:88,0
DA:89,0
DA:92,0
DA:94,0
DA:97,0
DA:98,0
DA:101,0
LF:39
LH:0
end_of_record
SF:lib\service_locator.dart
DA:6,0
DA:8,0
DA:10,0
DA:13,0
LF:4
LH:0
end_of_record
